2022-05-17 12:56:48.947 DEBUG 12296 --- [http-nio-8081-exec-6] m.s.m.SeckillVoucherMapper.selectById    : ==>  Preparing: SELECT voucher_id,stock,create_time,begin_time,end_time,update_time FROM tb_seckill_voucher WHERE voucher_id=?
2022-05-17 12:56:48.952 DEBUG 12296 --- [http-nio-8081-exec-6] m.s.m.SeckillVoucherMapper.selectById    : ==> Parameters: 2(Long)
2022-05-17 12:56:48.954 DEBUG 12296 --- [http-nio-8081-exec-6] m.s.m.SeckillVoucherMapper.selectById    : <==      Total: 1
2022-05-17 12:56:49.224 DEBUG 12296 --- [http-nio-8081-exec-5] m.s.m.SeckillVoucherMapper.selectById    : ==>  Preparing: SELECT voucher_id,stock,create_time,begin_time,end_time,update_time FROM tb_seckill_voucher WHERE voucher_id=?
2022-05-17 12:56:49.224 DEBUG 12296 --- [http-nio-8081-exec-5] m.s.m.SeckillVoucherMapper.selectById    : ==> Parameters: 2(Long)
2022-05-17 12:56:49.226 DEBUG 12296 --- [http-nio-8081-exec-5] m.s.m.SeckillVoucherMapper.selectById    : <==      Total: 1
2022-05-17 12:56:49.673 DEBUG 12296 --- [http-nio-8081-exec-7] m.s.m.SeckillVoucherMapper.selectById    : ==>  Preparing: SELECT voucher_id,stock,create_time,begin_time,end_time,update_time FROM tb_seckill_voucher WHERE voucher_id=?
2022-05-17 12:56:49.674 DEBUG 12296 --- [http-nio-8081-exec-7] m.s.m.SeckillVoucherMapper.selectById    : ==> Parameters: 2(Long)
2022-05-17 12:56:49.676 DEBUG 12296 --- [http-nio-8081-exec-7] m.s.m.SeckillVoucherMapper.selectById    : <==      Total: 1
2022-05-17 12:56:50.613 DEBUG 12296 --- [http-nio-8081-exec-8] m.s.m.SeckillVoucherMapper.selectById    : ==>  Preparing: SELECT voucher_id,stock,create_time,begin_time,end_time,update_time FROM tb_seckill_voucher WHERE voucher_id=?
2022-05-17 12:56:50.613 DEBUG 12296 --- [http-nio-8081-exec-8] m.s.m.SeckillVoucherMapper.selectById    : ==> Parameters: 2(Long)
2022-05-17 12:56:50.614 DEBUG 12296 --- [http-nio-8081-exec-8] m.s.m.SeckillVoucherMapper.selectById    : <==      Total: 1
2022-05-17 12:56:51.089 DEBUG 12296 --- [http-nio-8081-exec-9] m.s.m.SeckillVoucherMapper.selectById    : ==>  Preparing: SELECT voucher_id,stock,create_time,begin_time,end_time,update_time FROM tb_seckill_voucher WHERE voucher_id=?
2022-05-17 12:56:51.089 DEBUG 12296 --- [http-nio-8081-exec-9] m.s.m.SeckillVoucherMapper.selectById    : ==> Parameters: 2(Long)
2022-05-17 12:56:51.090 DEBUG 12296 --- [http-nio-8081-exec-9] m.s.m.SeckillVoucherMapper.selectById    : <==      Total: 1
2022-05-17 12:56:51.439 DEBUG 12296 --- [http-nio-8081-exec-10] m.s.m.SeckillVoucherMapper.selectById    : ==>  Preparing: SELECT voucher_id,stock,create_time,begin_time,end_time,update_time FROM tb_seckill_voucher WHERE voucher_id=?
2022-05-17 12:56:51.440 DEBUG 12296 --- [http-nio-8081-exec-10] m.s.m.SeckillVoucherMapper.selectById    : ==> Parameters: 2(Long)
2022-05-17 12:56:51.442 DEBUG 12296 --- [http-nio-8081-exec-10] m.s.m.SeckillVoucherMapper.selectById    : <==      Total: 1
2022-05-17 12:56:51.804 DEBUG 12296 --- [http-nio-8081-exec-1] m.s.m.SeckillVoucherMapper.selectById    : ==>  Preparing: SELECT voucher_id,stock,create_time,begin_time,end_time,update_time FROM tb_seckill_voucher WHERE voucher_id=?
2022-05-17 12:56:51.805 DEBUG 12296 --- [http-nio-8081-exec-1] m.s.m.SeckillVoucherMapper.selectById    : ==> Parameters: 2(Long)
2022-05-17 12:56:51.806 DEBUG 12296 --- [http-nio-8081-exec-1] m.s.m.SeckillVoucherMapper.selectById    : <==      Total: 1
2022-05-17 12:56:52.238 DEBUG 12296 --- [http-nio-8081-exec-2] m.s.m.SeckillVoucherMapper.selectById    : ==>  Preparing: SELECT voucher_id,stock,create_time,begin_time,end_time,update_time FROM tb_seckill_voucher WHERE voucher_id=?
2022-05-17 12:56:52.239 DEBUG 12296 --- [http-nio-8081-exec-2] m.s.m.SeckillVoucherMapper.selectById    : ==> Parameters: 2(Long)
2022-05-17 12:56:52.240 DEBUG 12296 --- [http-nio-8081-exec-2] m.s.m.SeckillVoucherMapper.selectById    : <==      Total: 1
2022-05-17 12:57:14.304 DEBUG 12296 --- [http-nio-8081-exec-4] m.s.m.SeckillVoucherMapper.selectById    : ==>  Preparing: SELECT voucher_id,stock,create_time,begin_time,end_time,update_time FROM tb_seckill_voucher WHERE voucher_id=?
2022-05-17 12:57:14.305 DEBUG 12296 --- [http-nio-8081-exec-4] m.s.m.SeckillVoucherMapper.selectById    : ==> Parameters: 2(Long)
2022-05-17 12:57:14.306 DEBUG 12296 --- [http-nio-8081-exec-4] m.s.m.SeckillVoucherMapper.selectById    : <==      Total: 1
2022-05-17 12:58:03.853  INFO 12296 --- [SpringApplicationShutdownHook] com.alibaba.druid.pool.DruidDataSource   : {dataSource-1} closing ...
2022-05-17 12:58:03.855  INFO 12296 --- [SpringApplicationShutdownHook] com.alibaba.druid.pool.DruidDataSource   : {dataSource-1} closed
